<?xml version="1.0" encoding="UTF-8"?>
<!-- Generated by org.testng.reporters.JUnitReportReporter -->
<testsuite hostname="QT-INBG-LT0089" failures="0" tests="1" name="Module5.KudosRecentContacts" time="18.683" errors="0" timestamp="2021-03-25T11:09:20 IST" skipped="0">
  <testcase classname="Module5.KudosRecentContacts" name="sendkudosrecentcontacts" time="18.683"/>
  <system-out/>
</testsuite> <!-- Module5.KudosRecentContacts -->
