<?xml version="1.0" encoding="UTF-8"?>
<!-- Generated by org.testng.reporters.JUnitReportReporter -->
<testsuite hostname="QT-INBG-LT0089" failures="0" tests="1" name="integration_3_1.Integration_3_1" time="57.182" errors="0" timestamp="2021-03-26T10:45:01 IST" skipped="0">
  <testcase classname="integration_3_1.Integration_3_1" name="integrationfirst" time="57.182"/>
  <system-out/>
</testsuite> <!-- integration_3_1.Integration_3_1 -->
