<?xml version="1.0" encoding="UTF-8"?>
<!-- Generated by org.testng.reporters.JUnitReportReporter -->
<testsuite hostname="QT-INBG-LT0089" failures="0" tests="1" name="testRunner.Testrunner" time="11.613" errors="0" timestamp="2021-03-30T16:50:30 IST" skipped="0">
  <testcase classname="testRunner.Testrunner" name="feature" time="11.613"/>
  <system-out/>
</testsuite> <!-- testRunner.Testrunner -->
