<?xml version="1.0" encoding="UTF-8"?>
<!-- Generated by org.testng.reporters.JUnitReportReporter -->
<testsuite hostname="QT-INBG-LT0089" failures="0" tests="1" name="Module4.SearchKudos" time="26.140" errors="0" timestamp="2021-03-25T09:58:27 IST" skipped="0">
  <testcase classname="Module4.SearchKudos" name="searchKudos" time="26.140"/>
  <system-out/>
</testsuite> <!-- Module4.SearchKudos -->
