<?xml version="1.0" encoding="UTF-8"?>
<!-- Generated by org.testng.reporters.JUnitReportReporter -->
<testsuite hostname="QT-INBG-LT0089" failures="0" tests="1" name="Module4.FindKudosSearch" time="11.028" errors="0" timestamp="2021-03-23T17:51:20 IST" skipped="0">
  <testcase classname="Module4.FindKudosSearch" name="findkudosSearch" time="11.028"/>
  <system-out/>
</testsuite> <!-- Module4.FindKudosSearch -->
