<?xml version="1.0" encoding="UTF-8"?>
<!-- Generated by org.testng.reporters.JUnitReportReporter -->
<testsuite hostname="QT-INBG-LT0089" failures="0" tests="1" name="QTR.HomepageCheck" time="9.589" errors="0" timestamp="2021-03-22T12:42:31 IST" skipped="0">
  <testcase classname="QTR.HomepageCheck" name="checkhomepage" time="9.589"/>
  <system-out/>
</testsuite> <!-- QTR.HomepageCheck -->
