<?xml version="1.0" encoding="UTF-8"?>
<!-- Generated by org.testng.reporters.JUnitReportReporter -->
<testsuite hostname="QT-INBG-LT0089" failures="0" tests="1" name="Module6.Activity" time="15.486" errors="0" timestamp="2021-03-24T13:09:53 IST" skipped="0">
  <testcase classname="Module6.Activity" name="ActivityPage" time="15.486"/>
  <system-out/>
</testsuite> <!-- Module6.Activity -->
