<?xml version="1.0" encoding="UTF-8"?>
<!-- Generated by org.testng.reporters.JUnitReportReporter -->
<testsuite hostname="QT-INBG-LT0089" failures="0" tests="1" name="qualitestAPITest.Apitest" time="3.282" errors="0" timestamp="2021-04-05T14:40:20 IST" skipped="0">
  <testcase classname="qualitestAPITest.Apitest" name="Qtest" time="3.282"/>
  <system-out/>
</testsuite> <!-- qualitestAPITest.Apitest -->
