<?xml version="1.0" encoding="UTF-8"?>
<!-- Generated by org.testng.reporters.JUnitReportReporter -->
<testsuite hostname="QT-INBG-LT0089" failures="0" tests="5" name="test.TestScript" time="7.349" errors="0" timestamp="2021-04-05T19:08:46 IST" skipped="0">
  <testcase classname="test.TestScript" name="trending_HashTag" time="1.592"/>
  <system-out/>
  <testcase classname="test.TestScript" name="search_for_tweets" time="3.247"/>
  <system-out/>
  <testcase classname="test.TestScript" name="trending_HashTag" time="0.503"/>
  <system-out/>
  <testcase classname="test.TestScript" name="trending_HashTag" time="0.545"/>
  <system-out/>
  <testcase classname="test.TestScript" name="trending_HashTag" time="1.462"/>
  <system-out/>
</testsuite> <!-- test.TestScript -->
