<?xml version="1.0" encoding="UTF-8"?>
<!-- Generated by org.testng.reporters.JUnitReportReporter -->
<testsuite hostname="QT-INBG-LT0089" failures="0" tests="5" name="testNG.Clstwo" time="0.014" errors="0" timestamp="2021-03-19T10:52:02 IST" skipped="0">
  <testcase classname="testNG.Clstwo" name="MobiledebitCardMethod1" time="0.005"/>
  <system-out/>
  <testcase classname="testNG.Clstwo" name="MobiledebitCardMethod1" time="0.002"/>
  <system-out/>
  <testcase classname="testNG.Clstwo" name="WebCreditcard2" time="0.002"/>
  <system-out/>
  <testcase classname="testNG.Clstwo" name="WebCreditcard1" time="0.003"/>
  <system-out/>
  <testcase classname="testNG.Clstwo" name="MobiledebitCardMethod1" time="0.002"/>
  <system-out/>
</testsuite> <!-- testNG.Clstwo -->
