<?xml version="1.0" encoding="UTF-8"?>
<!-- Generated by org.testng.reporters.JUnitReportReporter -->
<testsuite hostname="QT-INBG-LT0089" failures="0" tests="1" name="testNG.TestingNg" time="0.002" errors="0" timestamp="2021-03-18T10:26:49 IST" skipped="0">
  <testcase classname="testNG.TestingNg" name="login" time="0.002"/>
  <system-out/>
</testsuite> <!-- testNG.TestingNg -->
