<?xml version="1.0" encoding="UTF-8"?>
<!-- Generated by org.testng.reporters.JUnitReportReporter -->
<testsuite hostname="QT-INBG-LT0089" failures="0" tests="2" name="testNG.Clsfour" time="0.009" errors="0" timestamp="2021-03-19T10:52:02 IST" skipped="0">
  <testcase classname="testNG.Clsfour" name="WebDebitcard2" time="0.002"/>
  <system-out/>
  <testcase classname="testNG.Clsfour" name="WebDebitcard1" time="0.007"/>
  <system-out/>
</testsuite> <!-- testNG.Clsfour -->
