<?xml version="1.0" encoding="UTF-8"?>
<!-- Generated by org.testng.reporters.JUnitReportReporter -->
<testsuite hostname="QT-INBG-LT0089" failures="0" tests="2" name="testNG.Clsthree" time="0.004" errors="0" timestamp="2021-03-19T10:52:02 IST" skipped="0">
  <testcase classname="testNG.Clsthree" name="MobileDebitcard2" time="0.002"/>
  <system-out/>
  <testcase classname="testNG.Clsthree" name="MobileDebitcard1" time="0.002"/>
  <system-out/>
</testsuite> <!-- testNG.Clsthree -->
