<?xml version="1.0" encoding="UTF-8"?>
<!-- Generated by org.testng.reporters.JUnitReportReporter -->
<testsuite hostname="QT-INBG-LT0089" failures="0" tests="1" name="Module1.HomepageCheck" time="4.968" errors="0" timestamp="2021-03-26T14:02:04 IST" skipped="0">
  <testcase classname="Module1.HomepageCheck" name="checkhomepage" time="4.968"/>
  <system-out/>
</testsuite> <!-- Module1.HomepageCheck -->
