<?xml version="1.0" encoding="UTF-8"?>
<!-- Generated by org.testng.reporters.JUnitReportReporter -->
<testsuite hostname="QT-INBG-LT0089" failures="0" tests="7" name="Module3.SendKudosRecentContacts" time="180.253" errors="0" timestamp="2021-03-26T13:28:41 IST" skipped="0">
  <testcase classname="Module3.SendKudosRecentContacts" name="sendkudosrecentcontacts" time="25.684"/>
  <system-out/>
  <testcase classname="Module3.SendKudosRecentContacts" name="sendkudosrecentcontacts" time="25.819"/>
  <system-out/>
  <testcase classname="Module3.SendKudosRecentContacts" name="sendkudosrecentcontacts" time="25.689"/>
  <system-out/>
  <testcase classname="Module3.SendKudosRecentContacts" name="sendkudosrecentcontacts" time="25.761"/>
  <system-out/>
  <testcase classname="Module3.SendKudosRecentContacts" name="sendkudosrecentcontacts" time="25.716"/>
  <system-out/>
  <testcase classname="Module3.SendKudosRecentContacts" name="sendkudosrecentcontacts" time="25.783"/>
  <system-out/>
  <testcase classname="Module3.SendKudosRecentContacts" name="sendkudosrecentcontacts" time="25.801"/>
  <system-out/>
</testsuite> <!-- Module3.SendKudosRecentContacts -->
