<?xml version="1.0" encoding="UTF-8"?>
<!-- Generated by org.testng.reporters.JUnitReportReporter -->
<testsuite hostname="QT-INBG-LT0089" failures="0" tests="1" name="Module2.Checkusername" time="25.898" errors="0" timestamp="2021-03-26T12:58:48 IST" skipped="0">
  <testcase classname="Module2.Checkusername" name="checkUsername" time="25.898"/>
  <system-out/>
</testsuite> <!-- Module2.Checkusername -->
