<?xml version="1.0" encoding="UTF-8"?>
<!-- Generated by org.testng.reporters.JUnitReportReporter -->
<testsuite hostname="QT-INBG-LT0089" failures="0" tests="1" name="Module3.SelectEmailaddress" time="20.284" errors="0" timestamp="2021-03-26T13:24:43 IST" skipped="0">
  <testcase classname="Module3.SelectEmailaddress" name="pre" time="20.284"/>
  <system-out/>
</testsuite> <!-- Module3.SelectEmailaddress -->
