<?xml version="1.0" encoding="UTF-8"?>
<!-- Generated by org.testng.reporters.JUnitReportReporter -->
<testsuite hostname="QT-INBG-LT0089" failures="0" tests="1" name="Module1.CheckTitle" time="3.937" errors="0" timestamp="2021-03-26T09:59:44 IST" skipped="0">
  <testcase classname="Module1.CheckTitle" name="CheckTitle" time="3.937"/>
  <system-out/>
</testsuite> <!-- Module1.CheckTitle -->
