<?xml version="1.0" encoding="UTF-8"?>
<!-- Generated by org.testng.reporters.JUnitReportReporter -->
<testsuite hostname="QT-INBG-LT0089" failures="0" tests="1" name="QTR.CheckTitle" time="4.430" errors="0" timestamp="2021-03-22T12:46:31 IST" skipped="0">
  <testcase classname="QTR.CheckTitle" name="CheckTitle" time="4.430"/>
  <system-out/>
</testsuite> <!-- QTR.CheckTitle -->
