<?xml version="1.0" encoding="UTF-8"?>
<!-- Generated by org.testng.reporters.JUnitReportReporter -->
<testsuite hostname="QT-INBG-LT0089" failures="0" tests="1" name="Module6.KudosSentToday" time="37.990" errors="0" timestamp="2021-03-24T11:56:44 IST" skipped="0">
  <testcase classname="Module6.KudosSentToday" name="kudosSentToday" time="37.990"/>
  <system-out/>
</testsuite> <!-- Module6.KudosSentToday -->
