<?xml version="1.0" encoding="UTF-8"?>
<!-- Generated by org.testng.reporters.JUnitReportReporter -->
<testsuite hostname="ABDULs-MacBook-Pro.local" failures="0" tests="1" name="QTR.LoginPage" time="3.243" errors="0" timestamp="2021-03-22T01:03:54 IST" skipped="0">
  <testcase classname="QTR.LoginPage" name="login" time="3.243"/>
  <system-out/>
</testsuite> <!-- QTR.LoginPage -->
