<?xml version="1.0" encoding="UTF-8"?>
<!-- Generated by org.testng.reporters.JUnitReportReporter -->
<testsuite hostname="QT-INBG-LT0089" failures="0" tests="1" name="Module6.KudosFrmMe" time="19.370" errors="0" timestamp="2021-03-25T13:02:26 IST" skipped="0">
  <testcase classname="Module6.KudosFrmMe" name="kudosFrmMe" time="19.370"/>
  <system-out/>
</testsuite> <!-- Module6.KudosFrmMe -->
