<?xml version="1.0" encoding="UTF-8"?>
<!-- Generated by org.testng.reporters.JUnitReportReporter -->
<testsuite hostname="QT-INBG-LT0089" failures="0" tests="1" name="Module1.Checkcolor" time="11.724" errors="0" timestamp="2021-03-24T10:35:59 IST" skipped="0">
  <testcase classname="Module1.Checkcolor" name="checkcolor" time="11.724"/>
  <system-out/>
</testsuite> <!-- Module1.Checkcolor -->
