<?xml version="1.0" encoding="UTF-8"?>
<!-- Generated by org.testng.reporters.JUnitReportReporter -->
<testsuite hostname="QT-INBG-LT0089" failures="0" tests="1" name="QTR.SessionTest" time="11.089" errors="0" timestamp="2021-03-22T12:42:31 IST" skipped="0">
  <testcase classname="QTR.SessionTest" name="sessionTimeOut" time="11.089"/>
  <system-out/>
</testsuite> <!-- QTR.SessionTest -->
