<?xml version="1.0" encoding="UTF-8"?>
<!-- Generated by org.testng.reporters.JUnitReportReporter -->
<testsuite hostname="QT-INBG-LT0089" failures="0" tests="5" name="Module3.SendKudosRecentContacts" time="128.164" errors="0" timestamp="2021-03-25T11:14:30 IST" skipped="0">
  <testcase classname="Module3.SendKudosRecentContacts" name="sendkudosrecentcontacts" time="25.580"/>
  <system-out/>
  <testcase classname="Module3.SendKudosRecentContacts" name="sendkudosrecentcontacts" time="25.645"/>
  <system-out/>
  <testcase classname="Module3.SendKudosRecentContacts" name="sendkudosrecentcontacts" time="25.652"/>
  <system-out/>
  <testcase classname="Module3.SendKudosRecentContacts" name="sendkudosrecentcontacts" time="25.671"/>
  <system-out/>
  <testcase classname="Module3.SendKudosRecentContacts" name="sendkudosrecentcontacts" time="25.616"/>
  <system-out/>
</testsuite> <!-- Module3.SendKudosRecentContacts -->
