<?xml version="1.0" encoding="UTF-8"?>
<!-- Generated by org.testng.reporters.JUnitReportReporter -->
<testsuite hostname="QT-INBG-LT0089" failures="0" tests="1" name="Module6.KudosSent2me" time="13.687" errors="0" timestamp="2021-03-24T12:32:20 IST" skipped="0">
  <testcase classname="Module6.KudosSent2me" name="kudossent2me" time="13.687"/>
  <system-out/>
</testsuite> <!-- Module6.KudosSent2me -->
