<?xml version="1.0" encoding="UTF-8"?>
<!-- Generated by org.testng.reporters.JUnitReportReporter -->
<testsuite hostname="QT-INBG-LT0089" failures="0" tests="1" name="integration_3_1.Integration_3_1" time="53.813" errors="0" timestamp="2021-03-25T12:39:17 IST" skipped="0">
  <testcase classname="integration_3_1.Integration_3_1" name="integrationfirst" time="53.813"/>
  <system-out/>
</testsuite> <!-- integration_3_1.Integration_3_1 -->
