<?xml version="1.0" encoding="UTF-8"?>
<!-- Generated by org.testng.reporters.JUnitReportReporter -->
<testsuite hostname="QT-INBG-LT0089" failures="0" tests="1" name="Module6.Send2us" time="35.072" errors="0" timestamp="2021-03-25T09:45:40 IST" skipped="0">
  <testcase classname="Module6.Send2us" name="send2us" time="35.072"/>
  <system-out/>
</testsuite> <!-- Module6.Send2us -->
