<?xml version="1.0" encoding="UTF-8"?>
<!-- Generated by org.testng.reporters.JUnitReportReporter -->
<testsuite hostname="ABDULs-MacBook-Pro.local" failures="0" tests="1" name="Module1.HomepageCheck" time="3.976" errors="0" timestamp="2021-03-23T21:46:54 IST" skipped="0">
  <testcase classname="Module1.HomepageCheck" name="checkhomepage" time="3.976"/>
  <system-out/>
</testsuite> <!-- Module1.HomepageCheck -->
