<?xml version="1.0" encoding="UTF-8"?>
<!-- Generated by org.testng.reporters.JUnitReportReporter -->
<testsuite hostname="QT-INBG-LT0089" failures="0" tests="1" name="Module3.SendKudos" time="21.286" errors="0" timestamp="2021-03-23T18:20:55 IST" skipped="0">
  <testcase classname="Module3.SendKudos" name="sendKudos" time="21.286"/>
  <system-out/>
</testsuite> <!-- Module3.SendKudos -->
