<?xml version="1.0" encoding="UTF-8"?>
<!-- Generated by org.testng.reporters.JUnitReportReporter -->
<testsuite hostname="QT-INBG-LT0089" failures="0" tests="1" name="Module3.ConfirmationMessage" time="18.197" errors="0" timestamp="2021-03-23T14:46:18 IST" skipped="0">
  <testcase classname="Module3.ConfirmationMessage" name="confirmationmessage" time="18.197"/>
  <system-out/>
</testsuite> <!-- Module3.ConfirmationMessage -->
