<?xml version="1.0" encoding="UTF-8"?>
<!-- Generated by org.testng.reporters.JUnitReportReporter -->
<testsuite hostname="QT-INBG-LT0089" failures="0" tests="1" name="Module3.CitationCheck" time="19.888" errors="0" timestamp="2021-03-23T12:07:50 IST" skipped="0">
  <testcase classname="Module3.CitationCheck" name="citationcheck" time="19.888"/>
  <system-out/>
</testsuite> <!-- Module3.CitationCheck -->
