<?xml version="1.0" encoding="UTF-8"?>
<!-- Generated by org.testng.reporters.JUnitReportReporter -->
<testsuite hostname="QT-INBG-LT0089" failures="0" tests="1" name="ApiTestImpl.ApiAssessment.DisplayUsername_tweet" time="3.893" errors="0" timestamp="2021-04-08T11:16:21 IST" skipped="0">
  <testcase classname="ApiTestImpl.ApiAssessment.DisplayUsername_tweet" name="displayusername_tweet" time="3.893"/>
  <system-out/>
</testsuite> <!-- ApiTestImpl.ApiAssessment.DisplayUsername_tweet -->
