<?xml version="1.0" encoding="UTF-8"?>
<!-- Generated by org.testng.reporters.JUnitReportReporter -->
<testsuite hostname="QT-INBG-LT0089" failures="0" tests="4" name="ApiTestImpl.ApiAssessment.Trends" time="5.426" errors="0" timestamp="2021-04-08T11:09:24 IST" skipped="0">
  <testcase classname="ApiTestImpl.ApiAssessment.Trends" name="trending_HashTag" time="0.508"/>
  <system-out/>
  <testcase classname="ApiTestImpl.ApiAssessment.Trends" name="trending_HashTag" time="3.813"/>
  <system-out/>
  <testcase classname="ApiTestImpl.ApiAssessment.Trends" name="trending_HashTag" time="0.547"/>
  <system-out/>
  <testcase classname="ApiTestImpl.ApiAssessment.Trends" name="trending_HashTag" time="0.558"/>
  <system-out/>
</testsuite> <!-- ApiTestImpl.ApiAssessment.Trends -->
