<?xml version="1.0" encoding="UTF-8"?>
<!-- Generated by org.testng.reporters.JUnitReportReporter -->
<testsuite hostname="QT-INBG-LT0089" failures="0" tests="1" name="ApiTestImpl.ApiAssessment.SendTweet" time="3.839" errors="0" timestamp="2021-04-08T10:52:36 IST" skipped="0">
  <testcase classname="ApiTestImpl.ApiAssessment.SendTweet" name="sendtweet" time="3.839"/>
  <system-out/>
</testsuite> <!-- ApiTestImpl.ApiAssessment.SendTweet -->
