<?xml version="1.0" encoding="UTF-8"?>
<!-- Generated by org.testng.reporters.JUnitReportReporter -->
<testsuite hostname="QT-INBG-LT0089" failures="0" tests="1" name="ApiTestImpl.ApiAssessment.Tweets_By_User" time="3.834" errors="0" timestamp="2021-04-08T11:31:11 IST" skipped="0">
  <testcase classname="ApiTestImpl.ApiAssessment.Tweets_By_User" name="tweets_By_User" time="3.834"/>
  <system-out/>
</testsuite> <!-- ApiTestImpl.ApiAssessment.Tweets_By_User -->
