<?xml version="1.0" encoding="UTF-8"?>
<!-- Generated by org.testng.reporters.JUnitReportReporter -->
<testsuite hostname="QT-INBG-LT0089" failures="0" tests="1" name="ApiTestImpl.ApiAssessment.Weather_Update" time="5.259" errors="0" timestamp="2021-04-08T11:40:51 IST" skipped="0">
  <testcase classname="ApiTestImpl.ApiAssessment.Weather_Update" name="weather_update" time="5.259"/>
  <system-out/>
</testsuite> <!-- ApiTestImpl.ApiAssessment.Weather_Update -->
